#
# There is insufficient memory for the Java Runtime Environment to continue.
# Native memory allocation (malloc) failed to allocate 1048576 bytes. Error detail: AllocateHeap
# Possible reasons:
#   The system is out of physical RAM or swap space
#   This process is running with CompressedOops enabled, and the Java Heap may be blocking the growth of the native heap
# Possible solutions:
#   Reduce memory load on the system
#   Increase physical memory or swap space
#   Check if swap backing store is full
#   Decrease Java heap size (-Xmx/-Xms)
#   Decrease number of Java threads
#   Decrease Java thread stack sizes (-Xss)
#   Set larger code cache with -XX:ReservedCodeCacheSize=
#   JVM is running with Unscaled Compressed Oops mode in which the Java heap is
#     placed in the first 4GB address space. The Java Heap base address is the
#     maximum limit for the native heap growth. Please use -XX:HeapBaseMinAddress
#     to set the Java Heap base and to place the Java Heap above 4GB virtual address.
# This output file may be truncated or incomplete.
#
#  Out of Memory Error (allocation.cpp:44), pid=6776, tid=26012
#
# JRE version: OpenJDK Runtime Environment Temurin-21.0.10+7 (21.0.10+7) (build 21.0.10+7-LTS)
# Java VM: OpenJDK 64-Bit Server VM Temurin-21.0.10+7 (21.0.10+7-LTS, mixed mode, sharing, tiered, compressed oops, compressed class ptrs, parallel gc, windows-amd64)
# No core dump will be written. Minidumps are not enabled by default on client versions of Windows
#

---------------  S U M M A R Y ------------

Command Line: --add-modules=ALL-SYSTEM --add-opens=java.base/java.util=ALL-UNNAMED --add-opens=java.base/java.lang=ALL-UNNAMED --add-opens=java.base/sun.nio.fs=ALL-UNNAMED -Declipse.application=org.eclipse.jdt.ls.core.id1 -Dosgi.bundles.defaultStartLevel=4 -Declipse.product=org.eclipse.jdt.ls.core.product -Djava.import.generatesMetadataFilesAtProjectRoot=false -DDetectVMInstallationsJob.disabled=true -Dfile.encoding=utf8 -XX:+UseParallelGC -XX:GCTimeRatio=4 -XX:AdaptiveSizePolicyWeight=90 -Dsun.zip.disableMemoryMapping=true -Xmx2G -Xms100m -Xlog:disable -javaagent:c:\Users\Supriya Kharat\.vscode\extensions\redhat.java-1.53.0-win32-x64\lombok\lombok-1.18.39-4050.jar -XX:+HeapDumpOnOutOfMemoryError -XX:HeapDumpPath=c:\Users\Supriya Kharat\AppData\Roaming\Code\User\workspaceStorage\290741b4b2c575650e83c216033e7060\redhat.java -Daether.dependencyCollector.impl=bf c:\Users\Supriya Kharat\.vscode\extensions\redhat.java-1.53.0-win32-x64\server\plugins\org.eclipse.equinox.launcher_1.7.100.v20251111-0406.jar -configuration c:\Users\Supriya Kharat\AppData\Roaming\Code\User\globalStorage\redhat.java\1.53.0\config_win -data c:\Users\Supriya Kharat\AppData\Roaming\Code\User\workspaceStorage\290741b4b2c575650e83c216033e7060\redhat.java\jdt_ws --pipe=\\.\pipe\lsp-656aa258dd3d65983fe67bef0a9c3659-sock

Host: Intel(R) Core(TM) i5-10300H CPU @ 2.50GHz, 8 cores, 7G,  Windows 11 , 64 bit Build 22621 (10.0.22621.4391)
Time: Mon Apr 13 13:22:50 2026 India Standard Time elapsed time: 5384.223508 seconds (0d 1h 29m 44s)

---------------  T H R E A D  ---------------

Current thread (0x000001cf9ce14fe0):  JavaThread "Attach Listener" daemon [_thread_in_vm, id=26012, stack(0x0000004ab0c00000,0x0000004ab0d00000) (1024K)]

Stack: [0x0000004ab0c00000,0x0000004ab0d00000]
Native frames: (J=compiled Java code, j=interpreted, Vv=VM code, C=native code)
V  [jvm.dll+0x6d7a39]
V  [jvm.dll+0x8b4b26]
V  [jvm.dll+0x8b70de]
V  [jvm.dll+0x8b77c3]
V  [jvm.dll+0x284346]
V  [jvm.dll+0xc1277]
V  [jvm.dll+0x6d82e9]
V  [jvm.dll+0x1334a6]
V  [jvm.dll+0x3f857e]
V  [jvm.dll+0x85f59d]
V  [jvm.dll+0x6d626d]
C  [ucrtbase.dll+0x29333]
C  [KERNEL32.DLL+0x1259d]
C  [ntdll.dll+0x5af38]


---------------  P R O C E S S  ---------------

Threads class SMR info:
_java_thread_list=0x000001cf8eaa25f0, length=42, elements={
0x000001cf9cea0de0, 0x000001cf9ce0d5e0, 0x000001cf9ce0ff00, 0x000001cf9ce121b0,
0x000001cf9ce14fe0, 0x000001cf9ce18830, 0x000001cf9ce1e2c0, 0x000001cf9ce1fc20,
0x000001cf9ce22a20, 0x000001cff6287ae0, 0x000001cff6356b90, 0x000001cff69397e0,
0x000001cff6a277a0, 0x000001cff6a62f50, 0x000001cff6b0f6a0, 0x000001cffb100490,
0x000001cffb1a8840, 0x000001cffb3a05c0, 0x000001cffb5a2470, 0x000001cffb5a2b00,
0x000001cffb5a4bd0, 0x000001cffd8b37b0, 0x000001cffd8b2a90, 0x000001cffd8b3120,
0x000001cffd8b09c0, 0x000001cffd8b0330, 0x000001cffd8b1050, 0x000001cffd8ac820,
0x000001cffd8ae8f0, 0x000001cffd8b2400, 0x000001cffd8afca0, 0x000001cffd8ad540,
0x000001cffde39860, 0x000001cffde3a580, 0x000001cffde6fde0, 0x000001cffde72540,
0x000001cffde77400, 0x000001cffde70470, 0x000001cffde70b00, 0x000001cf8094fa30,
0x000001cffde3b2a0, 0x000001cffde3e090
}

Java Threads: ( => current thread )
  0x000001cf9cea0de0 JavaThread "main"                              [_thread_blocked, id=15768, stack(0x0000004ab0500000,0x0000004ab0600000) (1024K)]
  0x000001cf9ce0d5e0 JavaThread "Reference Handler"          daemon [_thread_blocked, id=24304, stack(0x0000004ab0900000,0x0000004ab0a00000) (1024K)]
  0x000001cf9ce0ff00 JavaThread "Finalizer"                  daemon [_thread_blocked, id=22760, stack(0x0000004ab0a00000,0x0000004ab0b00000) (1024K)]
  0x000001cf9ce121b0 JavaThread "Signal Dispatcher"          daemon [_thread_blocked, id=18752, stack(0x0000004ab0b00000,0x0000004ab0c00000) (1024K)]
=>0x000001cf9ce14fe0 JavaThread "Attach Listener"            daemon [_thread_in_vm, id=26012, stack(0x0000004ab0c00000,0x0000004ab0d00000) (1024K)]
  0x000001cf9ce18830 JavaThread "Service Thread"             daemon [_thread_blocked, id=19580, stack(0x0000004ab0d00000,0x0000004ab0e00000) (1024K)]
  0x000001cf9ce1e2c0 JavaThread "Monitor Deflation Thread"   daemon [_thread_blocked, id=24228, stack(0x0000004ab0e00000,0x0000004ab0f00000) (1024K)]
  0x000001cf9ce1fc20 JavaThread "C2 CompilerThread0"         daemon [_thread_blocked, id=22956, stack(0x0000004ab0f00000,0x0000004ab1000000) (1024K)]
  0x000001cf9ce22a20 JavaThread "C1 CompilerThread0"         daemon [_thread_blocked, id=19644, stack(0x0000004ab1000000,0x0000004ab1100000) (1024K)]
  0x000001cff6287ae0 JavaThread "Common-Cleaner"             daemon [_thread_blocked, id=4432, stack(0x0000004ab1100000,0x0000004ab1200000) (1024K)]
  0x000001cff6356b90 JavaThread "Notification Thread"        daemon [_thread_blocked, id=20268, stack(0x0000004ab1200000,0x0000004ab1300000) (1024K)]
  0x000001cff69397e0 JavaThread "Active Thread: Equinox Container: a2846853-e579-4f7b-85a7-06e178ffa44e"        [_thread_blocked, id=12364, stack(0x0000004ab1900000,0x0000004ab1a00000) (1024K)]
  0x000001cff6a277a0 JavaThread "Refresh Thread: Equinox Container: a2846853-e579-4f7b-85a7-06e178ffa44e" daemon [_thread_blocked, id=5000, stack(0x0000004ab1b00000,0x0000004ab1c00000) (1024K)]
  0x000001cff6a62f50 JavaThread "Framework Event Dispatcher: Equinox Container: a2846853-e579-4f7b-85a7-06e178ffa44e" daemon [_thread_blocked, id=13520, stack(0x0000004ab1c00000,0x0000004ab1d00000) (1024K)]
  0x000001cff6b0f6a0 JavaThread "Start Level: Equinox Container: a2846853-e579-4f7b-85a7-06e178ffa44e" daemon [_thread_blocked, id=27724, stack(0x0000004ab1d00000,0x0000004ab1e00000) (1024K)]
  0x000001cffb100490 JavaThread "Bundle File Closer"         daemon [_thread_blocked, id=21464, stack(0x0000004ab1e00000,0x0000004ab1f00000) (1024K)]
  0x000001cffb1a8840 JavaThread "SCR Component Actor"        daemon [_thread_blocked, id=23648, stack(0x0000004ab1f00000,0x0000004ab2000000) (1024K)]
  0x000001cffb3a05c0 JavaThread "Worker-JM"                         [_thread_blocked, id=25660, stack(0x0000004ab2000000,0x0000004ab2100000) (1024K)]
  0x000001cffb5a2470 JavaThread "JNA Cleaner"                daemon [_thread_blocked, id=27000, stack(0x0000004ab2100000,0x0000004ab2200000) (1024K)]
  0x000001cffb5a2b00 JavaThread "Java indexing"              daemon [_thread_blocked, id=18980, stack(0x0000004ab2500000,0x0000004ab2600000) (1024K)]
  0x000001cffb5a4bd0 JavaThread "Thread-1"                   daemon [_thread_in_native, id=16604, stack(0x0000004ab2a00000,0x0000004ab2b00000) (1024K)]
  0x000001cffd8b37b0 JavaThread "Thread-2"                   daemon [_thread_in_native, id=10556, stack(0x0000004ab2b00000,0x0000004ab2c00000) (1024K)]
  0x000001cffd8b2a90 JavaThread "Thread-3"                   daemon [_thread_in_native, id=26932, stack(0x0000004ab2c00000,0x0000004ab2d00000) (1024K)]
  0x000001cffd8b3120 JavaThread "Thread-4"                   daemon [_thread_in_native, id=24412, stack(0x0000004ab2d00000,0x0000004ab2e00000) (1024K)]
  0x000001cffd8b09c0 JavaThread "Thread-5"                   daemon [_thread_in_native, id=1516, stack(0x0000004ab2e00000,0x0000004ab2f00000) (1024K)]
  0x000001cffd8b0330 JavaThread "Thread-6"                   daemon [_thread_in_native, id=4392, stack(0x0000004ab2f00000,0x0000004ab3000000) (1024K)]
  0x000001cffd8b1050 JavaThread "Thread-7"                   daemon [_thread_in_native, id=15912, stack(0x0000004ab3000000,0x0000004ab3100000) (1024K)]
  0x000001cffd8ac820 JavaThread "Thread-8"                   daemon [_thread_in_native, id=2396, stack(0x0000004ab3100000,0x0000004ab3200000) (1024K)]
  0x000001cffd8ae8f0 JavaThread "Thread-9"                   daemon [_thread_in_native, id=17060, stack(0x0000004ab3200000,0x0000004ab3300000) (1024K)]
  0x000001cffd8b2400 JavaThread "pool-2-thread-1"                   [_thread_blocked, id=10864, stack(0x0000004ab3300000,0x0000004ab3400000) (1024K)]
  0x000001cffd8afca0 JavaThread "WorkspaceEventsHandler"            [_thread_blocked, id=2692, stack(0x0000004ab3400000,0x0000004ab3500000) (1024K)]
  0x000001cffd8ad540 JavaThread "pool-1-thread-1"                   [_thread_blocked, id=11344, stack(0x0000004ab3500000,0x0000004ab3600000) (1024K)]
  0x000001cffde39860 JavaThread "Timer-0"                           [_thread_blocked, id=26296, stack(0x0000004ab3b00000,0x0000004ab3c00000) (1024K)]
  0x000001cffde3a580 JavaThread "Cleaner-0"                  daemon [_thread_blocked, id=16984, stack(0x0000004ab3f00000,0x0000004ab4000000) (1024K)]
  0x000001cffde6fde0 JavaThread "Java Debug Server"          daemon [_thread_in_native, id=29476, stack(0x0000004ab5200000,0x0000004ab5300000) (1024K)]
  0x000001cffde72540 JavaThread "pool-3-thread-1"                   [_thread_in_native, id=4396, stack(0x0000004ab5300000,0x0000004ab5400000) (1024K)]
  0x000001cffde77400 JavaThread "RxSchedulerPurge-1"         daemon [_thread_blocked, id=28516, stack(0x0000004ab5400000,0x0000004ab5500000) (1024K)]
  0x000001cffde70470 JavaThread "RxCachedWorkerPoolEvictor-1" daemon [_thread_blocked, id=13356, stack(0x0000004ab5500000,0x0000004ab5600000) (1024K)]
  0x000001cffde70b00 JavaThread "RxNewThreadScheduler-1"     daemon [_thread_blocked, id=19920, stack(0x0000004ab5600000,0x0000004ab5700000) (1024K)]
  0x000001cf8094fa30 JavaThread "process reaper (pid 12256)" daemon [_thread_in_native, id=23716, stack(0x0000004aaff10000,0x0000004aaff30000) (128K)]
  0x000001cffde3b2a0 JavaThread "Worker-12"                         [_thread_blocked, id=21552, stack(0x0000004ab3600000,0x0000004ab3700000) (1024K)]
  0x000001cffde3e090 JavaThread "Worker-14"                         [_thread_blocked, id=25372, stack(0x0000004ab2300000,0x0000004ab2400000) (1024K)]
Total: 42

Other Threads:
  0x000001cf9cdf2bb0 VMThread "VM Thread"                           [id=7620, stack(0x0000004ab0800000,0x0000004ab0900000) (1024K)]
  0x000001cf9cd2ca00 WatcherThread "VM Periodic Task Thread"        [id=15676, stack(0x0000004ab0700000,0x0000004ab0800000) (1024K)]
  0x000001cf9cec2490 WorkerThread "GC Thread#0"                     [id=2748, stack(0x0000004ab0600000,0x0000004ab0700000) (1024K)]
  0x000001cff643b330 WorkerThread "GC Thread#1"                     [id=16756, stack(0x0000004ab1300000,0x0000004ab1400000) (1024K)]
  0x000001cff65b2440 WorkerThread "GC Thread#2"                     [id=12976, stack(0x0000004ab1400000,0x0000004ab1500000) (1024K)]
  0x000001cff6522090 WorkerThread "GC Thread#3"                     [id=19596, stack(0x0000004ab1500000,0x0000004ab1600000) (1024K)]
  0x000001cff6717aa0 WorkerThread "GC Thread#4"                     [id=27472, stack(0x0000004ab1600000,0x0000004ab1700000) (1024K)]
  0x000001cff6717e50 WorkerThread "GC Thread#5"                     [id=19108, stack(0x0000004ab1700000,0x0000004ab1800000) (1024K)]
  0x000001cff6718200 WorkerThread "GC Thread#6"                     [id=304, stack(0x0000004ab1800000,0x0000004ab1900000) (1024K)]
  0x000001cff6a34070 WorkerThread "GC Thread#7"                     [id=25696, stack(0x0000004ab1a00000,0x0000004ab1b00000) (1024K)]
Total: 10

Threads with active compile tasks:
Total: 0

VM state: not at safepoint (normal execution)

VM Mutex/Monitor currently owned by a thread: None

Heap address: 0x0000000080000000, size: 2048 MB, Compressed Oops mode: 32-bit

CDS archive(s) mapped at: [0x000001cfb4000000-0x000001cfb4ba0000-0x000001cfb4ba0000), size 12189696, SharedBaseAddress: 0x000001cfb4000000, ArchiveRelocationMode: 1.
Compressed class space mapped at: 0x000001cfb5000000-0x000001cff5000000, reserved size: 1073741824
Narrow klass base: 0x000001cfb4000000, Narrow klass shift: 0, Narrow klass range: 0x100000000

GC Precious Log:
 CardTable entry size: 512
 CPUs: 8 total, 8 available
 Memory: 8023M
 Large Page Support: Disabled
 NUMA Support: Disabled
 Compressed Oops: Enabled (32-bit)
 Alignments: Space 512K, Generation 512K, Heap 2M
 Heap Min Capacity: 100M
 Heap Initial Capacity: 100M
 Heap Max Capacity: 2G
 Pre-touch: Disabled
 Parallel Workers: 8

Heap:
 PSYoungGen      total 2560K, used 1181K [0x00000000d5580000, 0x00000000d5980000, 0x0000000100000000)
  eden space 2048K, 46% used [0x00000000d5580000,0x00000000d566f590,0x00000000d5780000)
  from space 512K, 43% used [0x00000000d5900000,0x00000000d5938000,0x00000000d5980000)
  to   space 512K, 0% used [0x00000000d5780000,0x00000000d5780000,0x00000000d5800000)
 ParOldGen       total 429056K, used 429029K [0x0000000080000000, 0x000000009a300000, 0x00000000d5580000)
  object space 429056K, 99% used [0x0000000080000000,0x000000009a2f97a0,0x000000009a300000)
 Metaspace       used 98739K, committed 100416K, reserved 1179648K
  class space    used 11001K, committed 11776K, reserved 1048576K

Card table byte_map: [0x000001cf9c840000,0x000001cf9cc50000] _byte_map_base: 0x000001cf9c440000

Marking Bits: (ParMarkBitMap*) 0x00007ffe82cb3450
 Begin Bits: [0x000001cfaf350000, 0x000001cfb1350000)
 End Bits:   [0x000001cfb1350000, 0x000001cfb3350000)

Polling page: 0x000001cf9ad10000

Metaspace:

Usage:
  Non-class:     85.68 MB used.
      Class:     10.74 MB used.
       Both:     96.43 MB used.

Virtual space:
  Non-class space:      128.00 MB reserved,      86.56 MB ( 68%) committed,  2 nodes.
      Class space:        1.00 GB reserved,      11.50 MB (  1%) committed,  1 nodes.
             Both:        1.12 GB reserved,      98.06 MB (  9%) committed. 

Chunk freelists:
   Non-Class:  9.25 MB
       Class:  4.53 MB
        Both:  13.78 MB

MaxMetaspaceSize: unlimited
CompressedClassSpaceSize: 1.00 GB
Initial GC threshold: 21.00 MB
Current GC threshold: 155.94 MB
CDS: on
 - commit_granule_bytes: 65536.
 - commit_granule_words: 8192.
 - virtual_space_node_default_size: 8388608.
 - enlarge_chunks_in_place: 1.
 - use_allocation_guard: 0.


Internal statistics:

num_allocs_failed_limit: 11.
num_arena_births: 1896.
num_arena_deaths: 572.
num_vsnodes_births: 3.
num_vsnodes_deaths: 0.
num_space_committed: 1569.
num_space_uncommitted: 0.
num_chunks_returned_to_freelist: 654.
num_chunks_taken_from_freelist: 6726.
num_chunk_merges: 190.
num_chunk_splits: 3981.
num_chunks_enlarged: 2364.
num_inconsistent_stats: 0.

CodeHeap 'non-profiled nmethods': size=120000Kb used=17284Kb max_used=17284Kb free=102716Kb
 bounds [0x000001cfa7b70000, 0x000001cfa8c60000, 0x000001cfaf0a0000]
CodeHeap 'profiled nmethods': size=120000Kb used=44828Kb max_used=44828Kb free=75171Kb
 bounds [0x000001cfa00a0000, 0x000001cfa2c70000, 0x000001cfa75d0000]
CodeHeap 'non-nmethods': size=5760Kb used=1547Kb max_used=1652Kb free=4212Kb
 bounds [0x000001cfa75d0000, 0x000001cfa7840000, 0x000001cfa7b70000]
CodeCache: size=245760Kb, used=63659Kb, max_used=63764Kb, free=182099Kb
 total_blobs=18798, nmethods=17924, adapters=777, full_count=0
Compilation: enabled, stopped_count=0, restarted_count=0

Compilation events (20 events):
Event: 4533.958 Thread 0x000001cf9ce1fc20 19255       4       java.util.concurrent.locks.AbstractQueuedSynchronizer$ConditionObject::unlinkCancelledWaiters (91 bytes)
Event: 4533.959 Thread 0x000001cf9ce1fc20 nmethod 19255 0x000001cfa8c49290 code [0x000001cfa8c49420, 0x000001cfa8c495a0]
Event: 4588.963 Thread 0x000001cf9ce1fc20 19256   !   4       java.util.concurrent.ThreadPoolExecutor::getTask (177 bytes)
Event: 4589.039 Thread 0x000001cf9ce1fc20 nmethod 19256 0x000001cfa8c49690 code [0x000001cfa8c49ae0, 0x000001cfa8c4b700]
Event: 4625.964 Thread 0x000001cf9ce1fc20 19257       4       java.util.concurrent.Executors$RunnableAdapter::call (14 bytes)
Event: 4625.976 Thread 0x000001cf9ce1fc20 nmethod 19257 0x000001cfa8c4d010 code [0x000001cfa8c4d1a0, 0x000001cfa8c4d260]
Event: 4694.963 Thread 0x000001cf9ce1fc20 19258       4       java.util.concurrent.ThreadPoolExecutor$Worker::lock (6 bytes)
Event: 4694.964 Thread 0x000001cf9ce1fc20 nmethod 19258 0x000001cfa8c4d310 code [0x000001cfa8c4d4a0, 0x000001cfa8c4d588]
Event: 4714.970 Thread 0x000001cf9ce1fc20 19259       4       java.util.concurrent.ScheduledThreadPoolExecutor$DelayedWorkQueue::add (9 bytes)
Event: 4714.986 Thread 0x000001cf9ce1fc20 nmethod 19259 0x000001cfa8c4d690 code [0x000001cfa8c4d8c0, 0x000001cfa8c4de60]
Event: 4717.964 Thread 0x000001cf9ce1fc20 19260       4       java.util.concurrent.ScheduledThreadPoolExecutor$ScheduledFutureTask::run (57 bytes)
Event: 4717.978 Thread 0x000001cf9ce1fc20 nmethod 19260 0x000001cfa8c4e410 code [0x000001cfa8c4e6c0, 0x000001cfa8c4f230]
Event: 4717.978 Thread 0x000001cf9ce1fc20 19261       4       java.util.concurrent.ScheduledThreadPoolExecutor::reExecutePeriodic (49 bytes)
Event: 4717.986 Thread 0x000001cf9ce1fc20 nmethod 19261 0x000001cfa8c4fe10 code [0x000001cfa8c50060, 0x000001cfa8c50878]
Event: 4773.412 Thread 0x000001cf9ce22a20 19262   !   3       jdk.internal.ref.PhantomCleanable::isListEmpty (34 bytes)
Event: 4773.413 Thread 0x000001cf9ce22a20 nmethod 19262 0x000001cfa2c65e90 code [0x000001cfa2c66040, 0x000001cfa2c66298]
Event: 4773.413 Thread 0x000001cf9ce22a20 19263       3       jdk.internal.misc.InnocuousThread::eraseThreadLocals (23 bytes)
Event: 4773.414 Thread 0x000001cf9ce22a20 nmethod 19263 0x000001cfa2c66390 code [0x000001cfa2c66520, 0x000001cfa2c66688]
Event: 4807.796 Thread 0x000001cf9ce22a20 19264       3       org.eclipse.core.internal.jobs.JobQueue::canOvertake (69 bytes)
Event: 4807.810 Thread 0x000001cf9ce22a20 nmethod 19264 0x000001cfa2c66710 code [0x000001cfa2c66900, 0x000001cfa2c66f00]

GC Heap History (20 events):
Event: 3331.288 GC heap before
{Heap before GC invocations=795 (full 4):
 PSYoungGen      total 2560K, used 2272K [0x00000000d5580000, 0x00000000d5880000, 0x0000000100000000)
  eden space 2048K, 100% used [0x00000000d5580000,0x00000000d5780000,0x00000000d5780000)
  from space 512K, 43% used [0x00000000d5800000,0x00000000d5838000,0x00000000d5880000)
  to   space 512K, 0% used [0x00000000d5780000,0x00000000d5780000,0x00000000d5800000)
 ParOldGen       total 428544K, used 428085K [0x0000000080000000, 0x000000009a280000, 0x00000000d5580000)
  object space 428544K, 99% used [0x0000000080000000,0x000000009a20d780,0x000000009a280000)
 Metaspace       used 98660K, committed 100352K, reserved 1179648K
  class space    used 11001K, committed 11776K, reserved 1048576K
}
Event: 3331.290 GC heap after
{Heap after GC invocations=795 (full 4):
 PSYoungGen      total 2560K, used 480K [0x00000000d5580000, 0x00000000d5a00000, 0x0000000100000000)
  eden space 2048K, 0% used [0x00000000d5580000,0x00000000d5580000,0x00000000d5780000)
  from space 512K, 93% used [0x00000000d5780000,0x00000000d57f8000,0x00000000d5800000)
  to   space 1024K, 0% used [0x00000000d5900000,0x00000000d5900000,0x00000000d5a00000)
 ParOldGen       total 428544K, used 428213K [0x0000000080000000, 0x000000009a280000, 0x00000000d5580000)
  object space 428544K, 99% used [0x0000000080000000,0x000000009a22d780,0x000000009a280000)
 Metaspace       used 98660K, committed 100352K, reserved 1179648K
  class space    used 11001K, committed 11776K, reserved 1048576K
}
Event: 3332.918 GC heap before
{Heap before GC invocations=796 (full 4):
 PSYoungGen      total 2560K, used 2528K [0x00000000d5580000, 0x00000000d5a00000, 0x0000000100000000)
  eden space 2048K, 100% used [0x00000000d5580000,0x00000000d5780000,0x00000000d5780000)
  from space 512K, 93% used [0x00000000d5780000,0x00000000d57f8000,0x00000000d5800000)
  to   space 1024K, 0% used [0x00000000d5900000,0x00000000d5900000,0x00000000d5a00000)
 ParOldGen       total 428544K, used 428213K [0x0000000080000000, 0x000000009a280000, 0x00000000d5580000)
  object space 428544K, 99% used [0x0000000080000000,0x000000009a22d780,0x000000009a280000)
 Metaspace       used 98665K, committed 100352K, reserved 1179648K
  class space    used 11001K, committed 11776K, reserved 1048576K
}
Event: 3332.920 GC heap after
{Heap after GC invocations=796 (full 4):
 PSYoungGen      total 2560K, used 256K [0x00000000d5580000, 0x00000000d5980000, 0x0000000100000000)
  eden space 2048K, 0% used [0x00000000d5580000,0x00000000d5580000,0x00000000d5780000)
  from space 512K, 50% used [0x00000000d5900000,0x00000000d5940000,0x00000000d5980000)
  to   space 512K, 0% used [0x00000000d5780000,0x00000000d5780000,0x00000000d5800000)
 ParOldGen       total 429056K, used 428589K [0x0000000080000000, 0x000000009a300000, 0x00000000d5580000)
  object space 429056K, 99% used [0x0000000080000000,0x000000009a28b7a0,0x000000009a300000)
 Metaspace       used 98665K, committed 100352K, reserved 1179648K
  class space    used 11001K, committed 11776K, reserved 1048576K
}
Event: 3332.943 GC heap before
{Heap before GC invocations=797 (full 4):
 PSYoungGen      total 2560K, used 2304K [0x00000000d5580000, 0x00000000d5980000, 0x0000000100000000)
  eden space 2048K, 100% used [0x00000000d5580000,0x00000000d5780000,0x00000000d5780000)
  from space 512K, 50% used [0x00000000d5900000,0x00000000d5940000,0x00000000d5980000)
  to   space 512K, 0% used [0x00000000d5780000,0x00000000d5780000,0x00000000d5800000)
 ParOldGen       total 429056K, used 428589K [0x0000000080000000, 0x000000009a300000, 0x00000000d5580000)
  object space 429056K, 99% used [0x0000000080000000,0x000000009a28b7a0,0x000000009a300000)
 Metaspace       used 98709K, committed 100416K, reserved 1179648K
  class space    used 11001K, committed 11776K, reserved 1048576K
}
Event: 3332.945 GC heap after
{Heap after GC invocations=797 (full 4):
 PSYoungGen      total 2560K, used 192K [0x00000000d5580000, 0x00000000d5980000, 0x0000000100000000)
  eden space 2048K, 0% used [0x00000000d5580000,0x00000000d5580000,0x00000000d5780000)
  from space 512K, 37% used [0x00000000d5780000,0x00000000d57b0000,0x00000000d5800000)
  to   space 512K, 0% used [0x00000000d5900000,0x00000000d5900000,0x00000000d5980000)
 ParOldGen       total 429056K, used 428741K [0x0000000080000000, 0x000000009a300000, 0x00000000d5580000)
  object space 429056K, 99% used [0x0000000080000000,0x000000009a2b17a0,0x000000009a300000)
 Metaspace       used 98709K, committed 100416K, reserved 1179648K
  class space    used 11001K, committed 11776K, reserved 1048576K
}
Event: 3332.969 GC heap before
{Heap before GC invocations=798 (full 4):
 PSYoungGen      total 2560K, used 2240K [0x00000000d5580000, 0x00000000d5980000, 0x0000000100000000)
  eden space 2048K, 100% used [0x00000000d5580000,0x00000000d5780000,0x00000000d5780000)
  from space 512K, 37% used [0x00000000d5780000,0x00000000d57b0000,0x00000000d5800000)
  to   space 512K, 0% used [0x00000000d5900000,0x00000000d5900000,0x00000000d5980000)
 ParOldGen       total 429056K, used 428741K [0x0000000080000000, 0x000000009a300000, 0x00000000d5580000)
  object space 429056K, 99% used [0x0000000080000000,0x000000009a2b17a0,0x000000009a300000)
 Metaspace       used 98714K, committed 100416K, reserved 1179648K
  class space    used 11001K, committed 11776K, reserved 1048576K
}
Event: 3332.972 GC heap after
{Heap after GC invocations=798 (full 4):
 PSYoungGen      total 2560K, used 256K [0x00000000d5580000, 0x00000000d5980000, 0x0000000100000000)
  eden space 2048K, 0% used [0x00000000d5580000,0x00000000d5580000,0x00000000d5780000)
  from space 512K, 50% used [0x00000000d5900000,0x00000000d5940000,0x00000000d5980000)
  to   space 512K, 0% used [0x00000000d5780000,0x00000000d5780000,0x00000000d5800000)
 ParOldGen       total 429056K, used 428789K [0x0000000080000000, 0x000000009a300000, 0x00000000d5580000)
  object space 429056K, 99% used [0x0000000080000000,0x000000009a2bd7a0,0x000000009a300000)
 Metaspace       used 98714K, committed 100416K, reserved 1179648K
  class space    used 11001K, committed 11776K, reserved 1048576K
}
Event: 3332.987 GC heap before
{Heap before GC invocations=799 (full 4):
 PSYoungGen      total 2560K, used 2304K [0x00000000d5580000, 0x00000000d5980000, 0x0000000100000000)
  eden space 2048K, 100% used [0x00000000d5580000,0x00000000d5780000,0x00000000d5780000)
  from space 512K, 50% used [0x00000000d5900000,0x00000000d5940000,0x00000000d5980000)
  to   space 512K, 0% used [0x00000000d5780000,0x00000000d5780000,0x00000000d5800000)
 ParOldGen       total 429056K, used 428789K [0x0000000080000000, 0x000000009a300000, 0x00000000d5580000)
  object space 429056K, 99% used [0x0000000080000000,0x000000009a2bd7a0,0x000000009a300000)
 Metaspace       used 98715K, committed 100416K, reserved 1179648K
  class space    used 11001K, committed 11776K, reserved 1048576K
}
Event: 3332.993 GC heap after
{Heap after GC invocations=799 (full 4):
 PSYoungGen      total 2560K, used 192K [0x00000000d5580000, 0x00000000d5980000, 0x0000000100000000)
  eden space 2048K, 0% used [0x00000000d5580000,0x00000000d5580000,0x00000000d5780000)
  from space 512K, 37% used [0x00000000d5780000,0x00000000d57b0000,0x00000000d5800000)
  to   space 512K, 0% used [0x00000000d5900000,0x00000000d5900000,0x00000000d5980000)
 ParOldGen       total 429056K, used 428829K [0x0000000080000000, 0x000000009a300000, 0x00000000d5580000)
  object space 429056K, 99% used [0x0000000080000000,0x000000009a2c77a0,0x000000009a300000)
 Metaspace       used 98715K, committed 100416K, reserved 1179648K
  class space    used 11001K, committed 11776K, reserved 1048576K
}
Event: 3333.008 GC heap before
{Heap before GC invocations=800 (full 4):
 PSYoungGen      total 2560K, used 2240K [0x00000000d5580000, 0x00000000d5980000, 0x0000000100000000)
  eden space 2048K, 100% used [0x00000000d5580000,0x00000000d5780000,0x00000000d5780000)
  from space 512K, 37% used [0x00000000d5780000,0x00000000d57b0000,0x00000000d5800000)
  to   space 512K, 0% used [0x00000000d5900000,0x00000000d5900000,0x00000000d5980000)
 ParOldGen       total 429056K, used 428829K [0x0000000080000000, 0x000000009a300000, 0x00000000d5580000)
  object space 429056K, 99% used [0x0000000080000000,0x000000009a2c77a0,0x000000009a300000)
 Metaspace       used 98722K, committed 100416K, reserved 1179648K
  class space    used 11001K, committed 11776K, reserved 1048576K
}
Event: 3333.011 GC heap after
{Heap after GC invocations=800 (full 4):
 PSYoungGen      total 2560K, used 256K [0x00000000d5580000, 0x00000000d5980000, 0x0000000100000000)
  eden space 2048K, 0% used [0x00000000d5580000,0x00000000d5580000,0x00000000d5780000)
  from space 512K, 50% used [0x00000000d5900000,0x00000000d5940000,0x00000000d5980000)
  to   space 512K, 0% used [0x00000000d5780000,0x00000000d5780000,0x00000000d5800000)
 ParOldGen       total 429056K, used 428885K [0x0000000080000000, 0x000000009a300000, 0x00000000d5580000)
  object space 429056K, 99% used [0x0000000080000000,0x000000009a2d57a0,0x000000009a300000)
 Metaspace       used 98722K, committed 100416K, reserved 1179648K
  class space    used 11001K, committed 11776K, reserved 1048576K
}
Event: 3333.027 GC heap before
{Heap before GC invocations=801 (full 4):
 PSYoungGen      total 2560K, used 2304K [0x00000000d5580000, 0x00000000d5980000, 0x0000000100000000)
  eden space 2048K, 100% used [0x00000000d5580000,0x00000000d5780000,0x00000000d5780000)
  from space 512K, 50% used [0x00000000d5900000,0x00000000d5940000,0x00000000d5980000)
  to   space 512K, 0% used [0x00000000d5780000,0x00000000d5780000,0x00000000d5800000)
 ParOldGen       total 429056K, used 428885K [0x0000000080000000, 0x000000009a300000, 0x00000000d5580000)
  object space 429056K, 99% used [0x0000000080000000,0x000000009a2d57a0,0x000000009a300000)
 Metaspace       used 98725K, committed 100416K, reserved 1179648K
  class space    used 11001K, committed 11776K, reserved 1048576K
}
Event: 3333.029 GC heap after
{Heap after GC invocations=801 (full 4):
 PSYoungGen      total 2560K, used 160K [0x00000000d5580000, 0x00000000d5980000, 0x0000000100000000)
  eden space 2048K, 0% used [0x00000000d5580000,0x00000000d5580000,0x00000000d5780000)
  from space 512K, 31% used [0x00000000d5780000,0x00000000d57a8000,0x00000000d5800000)
  to   space 512K, 0% used [0x00000000d5900000,0x00000000d5900000,0x00000000d5980000)
 ParOldGen       total 429056K, used 428917K [0x0000000080000000, 0x000000009a300000, 0x00000000d5580000)
  object space 429056K, 99% used [0x0000000080000000,0x000000009a2dd7a0,0x000000009a300000)
 Metaspace       used 98725K, committed 100416K, reserved 1179648K
  class space    used 11001K, committed 11776K, reserved 1048576K
}
Event: 3333.211 GC heap before
{Heap before GC invocations=802 (full 4):
 PSYoungGen      total 2560K, used 2208K [0x00000000d5580000, 0x00000000d5980000, 0x0000000100000000)
  eden space 2048K, 100% used [0x00000000d5580000,0x00000000d5780000,0x00000000d5780000)
  from space 512K, 31% used [0x00000000d5780000,0x00000000d57a8000,0x00000000d5800000)
  to   space 512K, 0% used [0x00000000d5900000,0x00000000d5900000,0x00000000d5980000)
 ParOldGen       total 429056K, used 428917K [0x0000000080000000, 0x000000009a300000, 0x00000000d5580000)
  object space 429056K, 99% used [0x0000000080000000,0x000000009a2dd7a0,0x000000009a300000)
 Metaspace       used 98727K, committed 100416K, reserved 1179648K
  class space    used 11001K, committed 11776K, reserved 1048576K
}
Event: 3333.213 GC heap after
{Heap after GC invocations=802 (full 4):
 PSYoungGen      total 2560K, used 192K [0x00000000d5580000, 0x00000000d5980000, 0x0000000100000000)
  eden space 2048K, 0% used [0x00000000d5580000,0x00000000d5580000,0x00000000d5780000)
  from space 512K, 37% used [0x00000000d5900000,0x00000000d5930000,0x00000000d5980000)
  to   space 512K, 0% used [0x00000000d5780000,0x00000000d5780000,0x00000000d5800000)
 ParOldGen       total 429056K, used 428949K [0x0000000080000000, 0x000000009a300000, 0x00000000d5580000)
  object space 429056K, 99% used [0x0000000080000000,0x000000009a2e57a0,0x000000009a300000)
 Metaspace       used 98727K, committed 100416K, reserved 1179648K
  class space    used 11001K, committed 11776K, reserved 1048576K
}
Event: 3333.235 GC heap before
{Heap before GC invocations=803 (full 4):
 PSYoungGen      total 2560K, used 2240K [0x00000000d5580000, 0x00000000d5980000, 0x0000000100000000)
  eden space 2048K, 100% used [0x00000000d5580000,0x00000000d5780000,0x00000000d5780000)
  from space 512K, 37% used [0x00000000d5900000,0x00000000d5930000,0x00000000d5980000)
  to   space 512K, 0% used [0x00000000d5780000,0x00000000d5780000,0x00000000d5800000)
 ParOldGen       total 429056K, used 428949K [0x0000000080000000, 0x000000009a300000, 0x00000000d5580000)
  object space 429056K, 99% used [0x0000000080000000,0x000000009a2e57a0,0x000000009a300000)
 Metaspace       used 98732K, committed 100416K, reserved 1179648K
  class space    used 11001K, committed 11776K, reserved 1048576K
}
Event: 3333.236 GC heap after
{Heap after GC invocations=803 (full 4):
 PSYoungGen      total 2560K, used 192K [0x00000000d5580000, 0x00000000d5980000, 0x0000000100000000)
  eden space 2048K, 0% used [0x00000000d5580000,0x00000000d5580000,0x00000000d5780000)
  from space 512K, 37% used [0x00000000d5780000,0x00000000d57b0000,0x00000000d5800000)
  to   space 512K, 0% used [0x00000000d5900000,0x00000000d5900000,0x00000000d5980000)
 ParOldGen       total 429056K, used 428997K [0x0000000080000000, 0x000000009a300000, 0x00000000d5580000)
  object space 429056K, 99% used [0x0000000080000000,0x000000009a2f17a0,0x000000009a300000)
 Metaspace       used 98732K, committed 100416K, reserved 1179648K
  class space    used 11001K, committed 11776K, reserved 1048576K
}
Event: 3803.231 GC heap before
{Heap before GC invocations=804 (full 4):
 PSYoungGen      total 2560K, used 2240K [0x00000000d5580000, 0x00000000d5980000, 0x0000000100000000)
  eden space 2048K, 100% used [0x00000000d5580000,0x00000000d5780000,0x00000000d5780000)
  from space 512K, 37% used [0x00000000d5780000,0x00000000d57b0000,0x00000000d5800000)
  to   space 512K, 0% used [0x00000000d5900000,0x00000000d5900000,0x00000000d5980000)
 ParOldGen       total 429056K, used 428997K [0x0000000080000000, 0x000000009a300000, 0x00000000d5580000)
  object space 429056K, 99% used [0x0000000080000000,0x000000009a2f17a0,0x000000009a300000)
 Metaspace       used 98734K, committed 100416K, reserved 1179648K
  class space    used 11001K, committed 11776K, reserved 1048576K
}
Event: 3803.312 GC heap after
{Heap after GC invocations=804 (full 4):
 PSYoungGen      total 2560K, used 224K [0x00000000d5580000, 0x00000000d5980000, 0x0000000100000000)
  eden space 2048K, 0% used [0x00000000d5580000,0x00000000d5580000,0x00000000d5780000)
  from space 512K, 43% used [0x00000000d5900000,0x00000000d5938000,0x00000000d5980000)
  to   space 512K, 0% used [0x00000000d5780000,0x00000000d5780000,0x00000000d5800000)
 ParOldGen       total 429056K, used 429029K [0x0000000080000000, 0x000000009a300000, 0x00000000d5580000)
  object space 429056K, 99% used [0x0000000080000000,0x000000009a2f97a0,0x000000009a300000)
 Metaspace       used 98734K, committed 100416K, reserved 1179648K
  class space    used 11001K, committed 11776K, reserved 1048576K
}

Dll operation events (15 events):
Event: 0.018 Loaded shared library c:\Users\Supriya Kharat\.vscode\extensions\redhat.java-1.53.0-win32-x64\jre\21.0.10-win32-x86_64\bin\java.dll
Event: 0.184 Loaded shared library c:\Users\Supriya Kharat\.vscode\extensions\redhat.java-1.53.0-win32-x64\jre\21.0.10-win32-x86_64\bin\zip.dll
Event: 0.228 Loaded shared library C:\Users\Supriya Kharat\.vscode\extensions\redhat.java-1.53.0-win32-x64\jre\21.0.10-win32-x86_64\bin\instrument.dll
Event: 0.246 Loaded shared library C:\Users\Supriya Kharat\.vscode\extensions\redhat.java-1.53.0-win32-x64\jre\21.0.10-win32-x86_64\bin\net.dll
Event: 0.258 Loaded shared library C:\Users\Supriya Kharat\.vscode\extensions\redhat.java-1.53.0-win32-x64\jre\21.0.10-win32-x86_64\bin\nio.dll
Event: 0.266 Loaded shared library C:\Users\Supriya Kharat\.vscode\extensions\redhat.java-1.53.0-win32-x64\jre\21.0.10-win32-x86_64\bin\zip.dll
Event: 0.324 Loaded shared library C:\Users\Supriya Kharat\.vscode\extensions\redhat.java-1.53.0-win32-x64\jre\21.0.10-win32-x86_64\bin\jimage.dll
Event: 0.616 Loaded shared library c:\Users\Supriya Kharat\.vscode\extensions\redhat.java-1.53.0-win32-x64\jre\21.0.10-win32-x86_64\bin\verify.dll
Event: 3.268 Loaded shared library C:\Users\Supriya Kharat\AppData\Roaming\Code\User\globalStorage\redhat.java\1.53.0\config_win\org.eclipse.equinox.launcher\org.eclipse.equinox.launcher.win32.win32.x86_64_1.3.0.v20260203-2149\eclipse_11919.dll
Event: 7.067 Loaded shared library C:\Users\Supriya Kharat\AppData\Local\Temp\jna--1378982924\jna12966798705560923823.dll
Event: 26.772 Loaded shared library C:\Users\Supriya Kharat\.gradle\native\660c5614fbf4a5f2a75b1949f50a0caf5cd603558e7d8a26e50b933a0cfb79d1\windows-amd64\native-platform.dll
Event: 31.226 Loaded shared library C:\Users\Supriya Kharat\.vscode\extensions\redhat.java-1.53.0-win32-x64\jre\21.0.10-win32-x86_64\bin\management.dll
Event: 31.239 Loaded shared library C:\Users\Supriya Kharat\.vscode\extensions\redhat.java-1.53.0-win32-x64\jre\21.0.10-win32-x86_64\bin\management_ext.dll
Event: 31.687 Loaded shared library C:\Users\Supriya Kharat\.vscode\extensions\redhat.java-1.53.0-win32-x64\jre\21.0.10-win32-x86_64\bin\sunmscapi.dll
Event: 31.831 Loaded shared library C:\Users\Supriya Kharat\.vscode\extensions\redhat.java-1.53.0-win32-x64\jre\21.0.10-win32-x86_64\bin\extnet.dll

Deoptimization events (20 events):
Event: 3332.913 Thread 0x000001cffde75330 DEOPT PACKING pc=0x000001cfa091a45a sp=0x0000004ab24fda50
Event: 3332.913 Thread 0x000001cffde75330 DEOPT UNPACKING pc=0x000001cfa7624242 sp=0x0000004ab24fcf48 mode 0
Event: 3332.915 Thread 0x000001cffde75330 DEOPT PACKING pc=0x000001cfa091a45a sp=0x0000004ab24fda50
Event: 3332.915 Thread 0x000001cffde75330 DEOPT UNPACKING pc=0x000001cfa7624242 sp=0x0000004ab24fcf48 mode 0
Event: 4715.665 Thread 0x000001cff69397e0 Uncommon trap: trap_request=0xffffffd6 fr.pc=0x000001cfa8c4dbe0 relative=0x0000000000000320
Event: 4715.665 Thread 0x000001cff69397e0 Uncommon trap: reason=array_check action=maybe_recompile pc=0x000001cfa8c4dbe0 method=java.util.concurrent.ScheduledThreadPoolExecutor$DelayedWorkQueue.offer(Ljava/lang/Runnable;)Z @ 65 c2
Event: 4715.665 Thread 0x000001cff69397e0 DEOPT PACKING pc=0x000001cfa8c4dbe0 sp=0x0000004ab19fefc0
Event: 4715.665 Thread 0x000001cff69397e0 DEOPT UNPACKING pc=0x000001cfa7623aa2 sp=0x0000004ab19fee60 mode 2
Event: 4715.963 Thread 0x000001cffde77400 Uncommon trap: trap_request=0xffffffd6 fr.pc=0x000001cfa8c4dbe0 relative=0x0000000000000320
Event: 4715.963 Thread 0x000001cffde77400 Uncommon trap: reason=array_check action=maybe_recompile pc=0x000001cfa8c4dbe0 method=java.util.concurrent.ScheduledThreadPoolExecutor$DelayedWorkQueue.offer(Ljava/lang/Runnable;)Z @ 65 c2
Event: 4715.963 Thread 0x000001cffde77400 DEOPT PACKING pc=0x000001cfa8c4dbe0 sp=0x0000004ab54ff310
Event: 4715.963 Thread 0x000001cffde77400 DEOPT UNPACKING pc=0x000001cfa7623aa2 sp=0x0000004ab54ff1b0 mode 2
Event: 4716.960 Thread 0x000001cffde77400 Uncommon trap: trap_request=0xffffffd6 fr.pc=0x000001cfa8c4dbe0 relative=0x0000000000000320
Event: 4716.960 Thread 0x000001cffde77400 Uncommon trap: reason=array_check action=maybe_recompile pc=0x000001cfa8c4dbe0 method=java.util.concurrent.ScheduledThreadPoolExecutor$DelayedWorkQueue.offer(Ljava/lang/Runnable;)Z @ 65 c2
Event: 4716.960 Thread 0x000001cffde77400 DEOPT PACKING pc=0x000001cfa8c4dbe0 sp=0x0000004ab54ff310
Event: 4716.960 Thread 0x000001cffde77400 DEOPT UNPACKING pc=0x000001cfa7623aa2 sp=0x0000004ab54ff1b0 mode 2
Event: 4717.964 Thread 0x000001cffde77400 Uncommon trap: trap_request=0xffffffd6 fr.pc=0x000001cfa8c4dbe0 relative=0x0000000000000320
Event: 4717.964 Thread 0x000001cffde77400 Uncommon trap: reason=array_check action=maybe_recompile pc=0x000001cfa8c4dbe0 method=java.util.concurrent.ScheduledThreadPoolExecutor$DelayedWorkQueue.offer(Ljava/lang/Runnable;)Z @ 65 c2
Event: 4717.964 Thread 0x000001cffde77400 DEOPT PACKING pc=0x000001cfa8c4dbe0 sp=0x0000004ab54ff310
Event: 4717.964 Thread 0x000001cffde77400 DEOPT UNPACKING pc=0x000001cfa7623aa2 sp=0x0000004ab54ff1b0 mode 2

Classes loaded (20 events):
Event: 453.012 Loading class java/util/stream/Nodes$AbstractConcNode done
Event: 453.012 Loading class java/util/stream/Nodes$ConcNode done
Event: 453.740 Loading class java/io/ObjectOutputStream$BlockDataOutputStream
Event: 453.801 Loading class java/io/ObjectOutputStream$BlockDataOutputStream done
Event: 453.801 Loading class java/io/ObjectOutputStream$HandleTable
Event: 453.835 Loading class java/io/ObjectOutputStream$HandleTable done
Event: 453.839 Loading class java/io/ObjectOutputStream$ReplaceTable
Event: 453.886 Loading class java/io/ObjectOutputStream$ReplaceTable done
Event: 2374.719 Loading class java/util/function/IntPredicate
Event: 2374.720 Loading class java/util/function/IntPredicate done
Event: 2374.798 Loading class java/util/regex/Pattern$Bound
Event: 2374.801 Loading class java/util/regex/Pattern$Bound done
Event: 2717.550 Loading class java/util/regex/Pattern$Behind
Event: 2717.550 Loading class java/util/regex/Pattern$Behind done
Event: 2717.551 Loading class java/util/regex/Pattern$Neg
Event: 2717.551 Loading class java/util/regex/Pattern$Neg done
Event: 2772.539 Loading class java/lang/StringLatin1$CharsSpliterator
Event: 2772.541 Loading class java/lang/StringLatin1$CharsSpliterator done
Event: 3221.549 Loading class java/util/Collections$EmptyListIterator
Event: 3221.550 Loading class java/util/Collections$EmptyListIterator done

Classes unloaded (20 events):
Event: 2395.192 Thread 0x000001cf9cdf2bb0 Unloading class 0x000001cfb5016400 'java/lang/invoke/LambdaForm$MH+0x000001cfb5016400'
Event: 2395.192 Thread 0x000001cf9cdf2bb0 Unloading class 0x000001cfb500d800 'java/lang/invoke/LambdaForm$MH+0x000001cfb500d800'
Event: 2395.192 Thread 0x000001cf9cdf2bb0 Unloading class 0x000001cfb500d400 'java/lang/invoke/LambdaForm$MH+0x000001cfb500d400'
Event: 2395.192 Thread 0x000001cf9cdf2bb0 Unloading class 0x000001cfb500d000 'java/lang/invoke/LambdaForm$MH+0x000001cfb500d000'
Event: 2395.192 Thread 0x000001cf9cdf2bb0 Unloading class 0x000001cfb500cc00 'java/lang/invoke/LambdaForm$MH+0x000001cfb500cc00'
Event: 2395.192 Thread 0x000001cf9cdf2bb0 Unloading class 0x000001cfb500c800 'java/lang/invoke/LambdaForm$BMH+0x000001cfb500c800'
Event: 2395.192 Thread 0x000001cf9cdf2bb0 Unloading class 0x000001cfb500c000 'java/lang/invoke/LambdaForm$DMH+0x000001cfb500c000'
Event: 2395.192 Thread 0x000001cf9cdf2bb0 Unloading class 0x000001cfb5008c00 'java/lang/invoke/LambdaForm$MH+0x000001cfb5008c00'
Event: 2395.192 Thread 0x000001cf9cdf2bb0 Unloading class 0x000001cfb5008800 'java/lang/invoke/LambdaForm$MH+0x000001cfb5008800'
Event: 2395.192 Thread 0x000001cf9cdf2bb0 Unloading class 0x000001cfb5008400 'java/lang/invoke/LambdaForm$MH+0x000001cfb5008400'
Event: 2395.192 Thread 0x000001cf9cdf2bb0 Unloading class 0x000001cfb5007000 'java/lang/invoke/LambdaForm$MH+0x000001cfb5007000'
Event: 2395.192 Thread 0x000001cf9cdf2bb0 Unloading class 0x000001cfb5006c00 'java/lang/invoke/LambdaForm$MH+0x000001cfb5006c00'
Event: 2395.192 Thread 0x000001cf9cdf2bb0 Unloading class 0x000001cfb5006800 'java/lang/invoke/LambdaForm$MH+0x000001cfb5006800'
Event: 2395.192 Thread 0x000001cf9cdf2bb0 Unloading class 0x000001cfb5006400 'java/lang/invoke/LambdaForm$MH+0x000001cfb5006400'
Event: 2395.192 Thread 0x000001cf9cdf2bb0 Unloading class 0x000001cfb5005c00 'java/lang/invoke/LambdaForm$BMH+0x000001cfb5005c00'
Event: 2395.192 Thread 0x000001cf9cdf2bb0 Unloading class 0x000001cfb5004800 'java/lang/invoke/LambdaForm$DMH+0x000001cfb5004800'
Event: 2395.192 Thread 0x000001cf9cdf2bb0 Unloading class 0x000001cfb5002800 'java/lang/invoke/LambdaForm$MH+0x000001cfb5002800'
Event: 2395.192 Thread 0x000001cf9cdf2bb0 Unloading class 0x000001cfb5002400 'java/lang/invoke/LambdaForm$MH+0x000001cfb5002400'
Event: 2395.192 Thread 0x000001cf9cdf2bb0 Unloading class 0x000001cfb5002000 'java/lang/invoke/LambdaForm$MH+0x000001cfb5002000'
Event: 2395.192 Thread 0x000001cf9cdf2bb0 Unloading class 0x000001cfb5001800 'java/lang/invoke/LambdaForm$MH+0x000001cfb5001800'

Classes redefined (0 events):
No events

Internal exceptions (20 events):
Event: 3332.922 Thread 0x000001cffde75330 Implicit null exception at 0x000001cfa2c12e5e to 0x000001cfa2c1307c
Event: 3332.922 Thread 0x000001cffde75330 Exception <a 'java/lang/NullPointerException'{0x00000000d55886f8}> (0x00000000d55886f8) 
thrown [s\src\hotspot\share\runtime\sharedRuntime.cpp, line 625]
Event: 3332.922 Thread 0x000001cffde75330 Implicit null exception at 0x000001cfa2c12e5e to 0x000001cfa2c1307c
Event: 3332.922 Thread 0x000001cffde75330 Exception <a 'java/lang/NullPointerException'{0x00000000d5588c88}> (0x00000000d5588c88) 
thrown [s\src\hotspot\share\runtime\sharedRuntime.cpp, line 625]
Event: 3332.922 Thread 0x000001cffde75330 Implicit null exception at 0x000001cfa2c12e5e to 0x000001cfa2c1307c
Event: 3332.922 Thread 0x000001cffde75330 Exception <a 'java/lang/NullPointerException'{0x00000000d5589218}> (0x00000000d5589218) 
thrown [s\src\hotspot\share\runtime\sharedRuntime.cpp, line 625]
Event: 3332.922 Thread 0x000001cffde75330 Implicit null exception at 0x000001cfa2c12e5e to 0x000001cfa2c1307c
Event: 3332.922 Thread 0x000001cffde75330 Exception <a 'java/lang/NullPointerException'{0x00000000d55897f8}> (0x00000000d55897f8) 
thrown [s\src\hotspot\share\runtime\sharedRuntime.cpp, line 625]
Event: 3332.922 Thread 0x000001cffde75330 Implicit null exception at 0x000001cfa2c12e5e to 0x000001cfa2c1307c
Event: 3332.922 Thread 0x000001cffde75330 Exception <a 'java/lang/NullPointerException'{0x00000000d558aa40}> (0x00000000d558aa40) 
thrown [s\src\hotspot\share\runtime\sharedRuntime.cpp, line 625]
Event: 3332.922 Thread 0x000001cffde75330 Implicit null exception at 0x000001cfa2c12e5e to 0x000001cfa2c1307c
Event: 3332.922 Thread 0x000001cffde75330 Exception <a 'java/lang/NullPointerException'{0x00000000d558afd0}> (0x00000000d558afd0) 
thrown [s\src\hotspot\share\runtime\sharedRuntime.cpp, line 625]
Event: 3332.922 Thread 0x000001cffde75330 Implicit null exception at 0x000001cfa2c12e5e to 0x000001cfa2c1307c
Event: 3332.922 Thread 0x000001cffde75330 Exception <a 'java/lang/NullPointerException'{0x00000000d558b560}> (0x00000000d558b560) 
thrown [s\src\hotspot\share\runtime\sharedRuntime.cpp, line 625]
Event: 3332.922 Thread 0x000001cffde75330 Implicit null exception at 0x000001cfa2c12e5e to 0x000001cfa2c1307c
Event: 3332.922 Thread 0x000001cffde75330 Exception <a 'java/lang/NullPointerException'{0x00000000d558baf0}> (0x00000000d558baf0) 
thrown [s\src\hotspot\share\runtime\sharedRuntime.cpp, line 625]
Event: 3332.922 Thread 0x000001cffde75330 Implicit null exception at 0x000001cfa2c12e5e to 0x000001cfa2c1307c
Event: 3332.922 Thread 0x000001cffde75330 Exception <a 'java/lang/NullPointerException'{0x00000000d558c0e8}> (0x00000000d558c0e8) 
thrown [s\src\hotspot\share\runtime\sharedRuntime.cpp, line 625]
Event: 3332.922 Thread 0x000001cffde75330 Implicit null exception at 0x000001cfa2c12e5e to 0x000001cfa2c1307c
Event: 3332.922 Thread 0x000001cffde75330 Exception <a 'java/lang/NullPointerException'{0x00000000d558c678}> (0x00000000d558c678) 
thrown [s\src\hotspot\share\runtime\sharedRuntime.cpp, line 625]

ZGC Phase Switch (0 events):
No events

VM Operations (20 events):
Event: 4991.041 Executing non-safepoint VM operation: HandshakeAllThreads (HandshakeForDeflation)
Event: 4991.041 Executing non-safepoint VM operation: HandshakeAllThreads (HandshakeForDeflation) done
Event: 4991.041 Executing non-safepoint VM operation: RendezvousGCThreads
Event: 4991.041 Executing non-safepoint VM operation: RendezvousGCThreads done
Event: 5171.332 Executing non-safepoint VM operation: HandshakeAllThreads (HandshakeForDeflation)
Event: 5171.332 Executing non-safepoint VM operation: HandshakeAllThreads (HandshakeForDeflation) done
Event: 5171.332 Executing non-safepoint VM operation: RendezvousGCThreads
Event: 5171.332 Executing non-safepoint VM operation: RendezvousGCThreads done
Event: 5231.355 Executing non-safepoint VM operation: HandshakeAllThreads (HandshakeForDeflation)
Event: 5231.355 Executing non-safepoint VM operation: HandshakeAllThreads (HandshakeForDeflation) done
Event: 5231.355 Executing non-safepoint VM operation: RendezvousGCThreads
Event: 5231.355 Executing non-safepoint VM operation: RendezvousGCThreads done
Event: 5291.542 Executing non-safepoint VM operation: HandshakeAllThreads (HandshakeForDeflation)
Event: 5291.542 Executing non-safepoint VM operation: HandshakeAllThreads (HandshakeForDeflation) done
Event: 5291.542 Executing non-safepoint VM operation: RendezvousGCThreads
Event: 5291.542 Executing non-safepoint VM operation: RendezvousGCThreads done
Event: 5351.629 Executing non-safepoint VM operation: HandshakeAllThreads (HandshakeForDeflation)
Event: 5351.629 Executing non-safepoint VM operation: HandshakeAllThreads (HandshakeForDeflation) done
Event: 5351.629 Executing non-safepoint VM operation: RendezvousGCThreads
Event: 5351.629 Executing non-safepoint VM operation: RendezvousGCThreads done

Memory protections (0 events):
No events

Nmethod flushes (20 events):
Event: 2395.732 Thread 0x000001cf9cdf2bb0 flushing  nmethod 0x000001cfa0c9c590
Event: 2395.732 Thread 0x000001cf9cdf2bb0 flushing  nmethod 0x000001cfa0ca0190
Event: 2395.732 Thread 0x000001cf9cdf2bb0 flushing osr nmethod 0x000001cfa0ca2790
Event: 2395.732 Thread 0x000001cf9cdf2bb0 flushing  nmethod 0x000001cfa0cb0290
Event: 2395.732 Thread 0x000001cf9cdf2bb0 flushing  nmethod 0x000001cfa0ccfe10
Event: 2395.732 Thread 0x000001cf9cdf2bb0 flushing  nmethod 0x000001cfa0ce4410
Event: 2395.732 Thread 0x000001cf9cdf2bb0 flushing  nmethod 0x000001cfa0d13b90
Event: 2395.732 Thread 0x000001cf9cdf2bb0 flushing  nmethod 0x000001cfa0d4a290
Event: 2395.732 Thread 0x000001cf9cdf2bb0 flushing  nmethod 0x000001cfa0d4ac90
Event: 2395.732 Thread 0x000001cf9cdf2bb0 flushing  nmethod 0x000001cfa0d4e010
Event: 2395.732 Thread 0x000001cf9cdf2bb0 flushing  nmethod 0x000001cfa0d5a510
Event: 2395.732 Thread 0x000001cf9cdf2bb0 flushing  nmethod 0x000001cfa0d64b10
Event: 2395.732 Thread 0x000001cf9cdf2bb0 flushing  nmethod 0x000001cfa0d89e10
Event: 2395.732 Thread 0x000001cf9cdf2bb0 flushing osr nmethod 0x000001cfa0dacc10
Event: 2395.732 Thread 0x000001cf9cdf2bb0 flushing  nmethod 0x000001cfa0dafa10
Event: 2395.732 Thread 0x000001cf9cdf2bb0 flushing  nmethod 0x000001cfa0dcbe10
Event: 2395.732 Thread 0x000001cf9cdf2bb0 flushing  nmethod 0x000001cfa0e4ba10
Event: 2395.732 Thread 0x000001cf9cdf2bb0 flushing  nmethod 0x000001cfa0e55a90
Event: 2395.732 Thread 0x000001cf9cdf2bb0 flushing  nmethod 0x000001cfa0e69b10
Event: 2395.732 Thread 0x000001cf9cdf2bb0 flushing  nmethod 0x000001cfa0f15f10

Events (20 events):
Event: 3180.738 Thread 0x000001cf9ce22a20 Thread added: 0x000001cf8e4824e0
Event: 3186.231 Thread 0x000001cf8e4824e0 Thread exited: 0x000001cf8e4824e0
Event: 3221.607 Thread 0x000001cf9ce1fc20 Thread added: 0x000001cf8e4824e0
Event: 3226.133 Thread 0x000001cf8e4824e0 Thread exited: 0x000001cf8e4824e0
Event: 3237.377 Thread 0x000001cffd8ad540 Thread added: 0x000001cffd8b3e40
Event: 3237.425 Thread 0x000001cffd8b3e40 Thread added: 0x000001cffd8aceb0
Event: 3237.655 Thread 0x000001cf9ce22a20 Thread added: 0x000001cf8e4824e0
Event: 3239.379 Thread 0x000001cf8e4824e0 Thread exited: 0x000001cf8e4824e0
Event: 3321.836 Thread 0x000001cffde3c650 Thread exited: 0x000001cffde3c650
Event: 3383.941 Thread 0x000001cffde738f0 Thread exited: 0x000001cffde738f0
Event: 3393.244 Thread 0x000001cffde75330 Thread exited: 0x000001cffde75330
Event: 3444.049 Thread 0x000001cffde3cce0 Thread exited: 0x000001cffde3cce0
Event: 3453.244 Thread 0x000001cffd8aceb0 Thread exited: 0x000001cffd8aceb0
Event: 3513.246 Thread 0x000001cf8094d960 Thread exited: 0x000001cf8094d960
Event: 3573.258 Thread 0x000001cffde3da00 Thread exited: 0x000001cffde3da00
Event: 3633.272 Thread 0x000001cf8094f3a0 Thread exited: 0x000001cf8094f3a0
Event: 3693.283 Thread 0x000001cffd8b3e40 Thread exited: 0x000001cffd8b3e40
Event: 3753.286 Thread 0x000001cf809500c0 Thread exited: 0x000001cf809500c0
Event: 3803.101 Thread 0x000001cffd8ad540 Thread added: 0x000001cffd8ae260
Event: 3863.321 Thread 0x000001cffd8ae260 Thread exited: 0x000001cffd8ae260


Dynamic libraries:
0x00007ff7abea0000 - 0x00007ff7abeae000 	c:\Users\Supriya Kharat\.vscode\extensions\redhat.java-1.53.0-win32-x64\jre\21.0.10-win32-x86_64\bin\java.exe
0x00007ffef4190000 - 0x00007ffef43a7000 	C:\WINDOWS\SYSTEM32\ntdll.dll
0x00007ffef3d40000 - 0x00007ffef3e04000 	C:\WINDOWS\System32\KERNEL32.DLL
0x00007ffef1710000 - 0x00007ffef1aca000 	C:\WINDOWS\System32\KERNELBASE.dll
0x00007ffef1ad0000 - 0x00007ffef1be1000 	C:\WINDOWS\System32\ucrtbase.dll
0x00007ffe89dd0000 - 0x00007ffe89de8000 	c:\Users\Supriya Kharat\.vscode\extensions\redhat.java-1.53.0-win32-x64\jre\21.0.10-win32-x86_64\bin\jli.dll
0x00007ffe89bc0000 - 0x00007ffe89bde000 	c:\Users\Supriya Kharat\.vscode\extensions\redhat.java-1.53.0-win32-x64\jre\21.0.10-win32-x86_64\bin\VCRUNTIME140.dll
0x00007ffef1f90000 - 0x00007ffef213e000 	C:\WINDOWS\System32\USER32.dll
0x00007ffef1c20000 - 0x00007ffef1c46000 	C:\WINDOWS\System32\win32u.dll
0x00007ffed9560000 - 0x00007ffed97f2000 	C:\WINDOWS\WinSxS\amd64_microsoft.windows.common-controls_6595b64144ccf1df_6.0.22621.4541_none_2710d1c57384c085\COMCTL32.dll
0x00007ffef3c90000 - 0x00007ffef3cb9000 	C:\WINDOWS\System32\GDI32.dll
0x00007ffef1c50000 - 0x00007ffef1d6b000 	C:\WINDOWS\System32\gdi32full.dll
0x00007ffef2ac0000 - 0x00007ffef2b67000 	C:\WINDOWS\System32\msvcrt.dll
0x00007ffef1df0000 - 0x00007ffef1e8a000 	C:\WINDOWS\System32\msvcp_win.dll
0x00007ffef2820000 - 0x00007ffef2851000 	C:\WINDOWS\System32\IMM32.DLL
0x00007ffed7880000 - 0x00007ffed788c000 	c:\Users\Supriya Kharat\.vscode\extensions\redhat.java-1.53.0-win32-x64\jre\21.0.10-win32-x86_64\bin\vcruntime140_1.dll
0x00007ffe88880000 - 0x00007ffe8890d000 	c:\Users\Supriya Kharat\.vscode\extensions\redhat.java-1.53.0-win32-x64\jre\21.0.10-win32-x86_64\bin\msvcp140.dll
0x00007ffe81ff0000 - 0x00007ffe82d91000 	c:\Users\Supriya Kharat\.vscode\extensions\redhat.java-1.53.0-win32-x64\jre\21.0.10-win32-x86_64\bin\server\jvm.dll
0x00007ffef3e90000 - 0x00007ffef3f42000 	C:\WINDOWS\System32\ADVAPI32.dll
0x00007ffef2fa0000 - 0x00007ffef3047000 	C:\WINDOWS\System32\sechost.dll
0x00007ffef1bf0000 - 0x00007ffef1c18000 	C:\WINDOWS\System32\bcrypt.dll
0x00007ffef2220000 - 0x00007ffef2334000 	C:\WINDOWS\System32\RPCRT4.dll
0x00007ffef3e10000 - 0x00007ffef3e81000 	C:\WINDOWS\System32\WS2_32.dll
0x00007ffef0d30000 - 0x00007ffef0d7d000 	C:\WINDOWS\SYSTEM32\POWRPROF.dll
0x00007ffeeb080000 - 0x00007ffeeb0b4000 	C:\WINDOWS\SYSTEM32\WINMM.dll
0x00007ffee7900000 - 0x00007ffee790a000 	C:\WINDOWS\SYSTEM32\VERSION.dll
0x00007ffef0cc0000 - 0x00007ffef0cd3000 	C:\WINDOWS\SYSTEM32\UMPDC.dll
0x00007ffef0460000 - 0x00007ffef0478000 	C:\WINDOWS\SYSTEM32\kernel.appcore.dll
0x00007ffed77b0000 - 0x00007ffed77ba000 	c:\Users\Supriya Kharat\.vscode\extensions\redhat.java-1.53.0-win32-x64\jre\21.0.10-win32-x86_64\bin\jimage.dll
0x00007ffeeee80000 - 0x00007ffeef0b2000 	C:\WINDOWS\SYSTEM32\DBGHELP.DLL
0x00007ffef2b80000 - 0x00007ffef2f0f000 	C:\WINDOWS\System32\combase.dll
0x00007ffef3f50000 - 0x00007ffef4027000 	C:\WINDOWS\System32\OLEAUT32.dll
0x00007ffeded30000 - 0x00007ffeded62000 	C:\WINDOWS\SYSTEM32\dbgcore.DLL
0x00007ffef1520000 - 0x00007ffef159b000 	C:\WINDOWS\System32\bcryptPrimitives.dll
0x00007ffed4670000 - 0x00007ffed467f000 	c:\Users\Supriya Kharat\.vscode\extensions\redhat.java-1.53.0-win32-x64\jre\21.0.10-win32-x86_64\bin\instrument.dll
0x00007ffe89430000 - 0x00007ffe89450000 	c:\Users\Supriya Kharat\.vscode\extensions\redhat.java-1.53.0-win32-x64\jre\21.0.10-win32-x86_64\bin\java.dll
0x00007ffef3050000 - 0x00007ffef38c8000 	C:\WINDOWS\System32\SHELL32.dll
0x00007ffeef200000 - 0x00007ffeefb08000 	C:\WINDOWS\SYSTEM32\windows.storage.dll
0x00007ffeef0c0000 - 0x00007ffeef1ff000 	C:\WINDOWS\SYSTEM32\wintypes.dll
0x00007ffef1e90000 - 0x00007ffef1f8a000 	C:\WINDOWS\System32\SHCORE.dll
0x00007ffef2f40000 - 0x00007ffef2f9e000 	C:\WINDOWS\System32\shlwapi.dll
0x00007ffef1390000 - 0x00007ffef13bb000 	C:\WINDOWS\SYSTEM32\profapi.dll
0x00007ffe896f0000 - 0x00007ffe89708000 	c:\Users\Supriya Kharat\.vscode\extensions\redhat.java-1.53.0-win32-x64\jre\21.0.10-win32-x86_64\bin\zip.dll
0x00007ffed5910000 - 0x00007ffed5920000 	C:\Users\Supriya Kharat\.vscode\extensions\redhat.java-1.53.0-win32-x64\jre\21.0.10-win32-x86_64\bin\net.dll
0x00007ffeec650000 - 0x00007ffeec786000 	C:\WINDOWS\SYSTEM32\WINHTTP.dll
0x00007ffef08e0000 - 0x00007ffef0949000 	C:\WINDOWS\system32\mswsock.dll
0x00007ffe896d0000 - 0x00007ffe896e6000 	C:\Users\Supriya Kharat\.vscode\extensions\redhat.java-1.53.0-win32-x64\jre\21.0.10-win32-x86_64\bin\nio.dll
0x00007ffed4560000 - 0x00007ffed4570000 	c:\Users\Supriya Kharat\.vscode\extensions\redhat.java-1.53.0-win32-x64\jre\21.0.10-win32-x86_64\bin\verify.dll
0x00007ffe894d0000 - 0x00007ffe89515000 	C:\Users\Supriya Kharat\AppData\Roaming\Code\User\globalStorage\redhat.java\1.53.0\config_win\org.eclipse.equinox.launcher\org.eclipse.equinox.launcher.win32.win32.x86_64_1.3.0.v20260203-2149\eclipse_11919.dll
0x00007ffef2860000 - 0x00007ffef2a05000 	C:\WINDOWS\System32\ole32.dll
0x00007ffef0b20000 - 0x00007ffef0b3b000 	C:\WINDOWS\SYSTEM32\CRYPTSP.dll
0x00007ffef03c0000 - 0x00007ffef03f5000 	C:\WINDOWS\system32\rsaenh.dll
0x00007ffef09a0000 - 0x00007ffef09c8000 	C:\WINDOWS\SYSTEM32\USERENV.dll
0x00007ffef0b40000 - 0x00007ffef0b4c000 	C:\WINDOWS\SYSTEM32\CRYPTBASE.dll
0x00007ffeefe40000 - 0x00007ffeefe6d000 	C:\WINDOWS\SYSTEM32\IPHLPAPI.DLL
0x00007ffef2b70000 - 0x00007ffef2b79000 	C:\WINDOWS\System32\NSI.dll
0x00007ffe88ef0000 - 0x00007ffe88f39000 	C:\Users\Supriya Kharat\AppData\Local\Temp\jna--1378982924\jna12966798705560923823.dll
0x00007ffef2340000 - 0x00007ffef2348000 	C:\WINDOWS\System32\PSAPI.DLL
0x00007ffeec390000 - 0x00007ffeec3a9000 	C:\WINDOWS\SYSTEM32\dhcpcsvc6.DLL
0x00007ffeec370000 - 0x00007ffeec38f000 	C:\WINDOWS\SYSTEM32\dhcpcsvc.DLL
0x00007ffe89c90000 - 0x00007ffe89cb7000 	C:\Users\Supriya Kharat\.gradle\native\660c5614fbf4a5f2a75b1949f50a0caf5cd603558e7d8a26e50b933a0cfb79d1\windows-amd64\native-platform.dll
0x00007ffed3ef0000 - 0x00007ffed3efa000 	C:\Users\Supriya Kharat\.vscode\extensions\redhat.java-1.53.0-win32-x64\jre\21.0.10-win32-x86_64\bin\management.dll
0x00007ffed2c80000 - 0x00007ffed2c8c000 	C:\Users\Supriya Kharat\.vscode\extensions\redhat.java-1.53.0-win32-x64\jre\21.0.10-win32-x86_64\bin\management_ext.dll
0x00007ffed2950000 - 0x00007ffed295e000 	C:\Users\Supriya Kharat\.vscode\extensions\redhat.java-1.53.0-win32-x64\jre\21.0.10-win32-x86_64\bin\sunmscapi.dll
0x00007ffef15a0000 - 0x00007ffef1706000 	C:\WINDOWS\System32\CRYPT32.dll
0x00007ffef0e20000 - 0x00007ffef0e4d000 	C:\WINDOWS\SYSTEM32\ncrypt.dll
0x00007ffef0de0000 - 0x00007ffef0e17000 	C:\WINDOWS\SYSTEM32\NTASN1.dll
0x00007ffecf030000 - 0x00007ffecf039000 	C:\Users\Supriya Kharat\.vscode\extensions\redhat.java-1.53.0-win32-x64\jre\21.0.10-win32-x86_64\bin\extnet.dll
0x00007ffeefea0000 - 0x00007ffeeffa2000 	C:\WINDOWS\SYSTEM32\DNSAPI.dll
0x00007ffed7390000 - 0x00007ffed739a000 	C:\Windows\System32\rasadhlp.dll
0x00007ffee9820000 - 0x00007ffee98a3000 	C:\WINDOWS\System32\fwpuclnt.dll
0x00007ffecf1c0000 - 0x00007ffecf1c8000 	C:\WINDOWS\system32\wshunix.dll

JVMTI agents:
c:\Users\Supriya Kharat\.vscode\extensions\redhat.java-1.53.0-win32-x64\lombok\lombok-1.18.39-4050.jar path:c:\Users\Supriya Kharat\.vscode\extensions\redhat.java-1.53.0-win32-x64\jre\21.0.10-win32-x86_64\bin\instrument.dll, loaded, initialized, instrumentlib options:none

dbghelp: loaded successfully - version: 4.0.5 - missing functions: none
symbol engine: initialized successfully - sym options: 0x614 - pdb path: .;c:\Users\Supriya Kharat\.vscode\extensions\redhat.java-1.53.0-win32-x64\jre\21.0.10-win32-x86_64\bin;C:\WINDOWS\SYSTEM32;C:\WINDOWS\WinSxS\amd64_microsoft.windows.common-controls_6595b64144ccf1df_6.0.22621.4541_none_2710d1c57384c085;c:\Users\Supriya Kharat\.vscode\extensions\redhat.java-1.53.0-win32-x64\jre\21.0.10-win32-x86_64\bin\server;C:\Users\Supriya Kharat\AppData\Roaming\Code\User\globalStorage\redhat.java\1.53.0\config_win\org.eclipse.equinox.launcher\org.eclipse.equinox.launcher.win32.win32.x86_64_1.3.0.v20260203-2149;C:\Users\Supriya Kharat\AppData\Local\Temp\jna--1378982924;C:\Users\Supriya Kharat\.gradle\native\660c5614fbf4a5f2a75b1949f50a0caf5cd603558e7d8a26e50b933a0cfb79d1\windows-amd64

VM Arguments:
jvm_args: --add-modules=ALL-SYSTEM --add-opens=java.base/java.util=ALL-UNNAMED --add-opens=java.base/java.lang=ALL-UNNAMED --add-opens=java.base/sun.nio.fs=ALL-UNNAMED -Declipse.application=org.eclipse.jdt.ls.core.id1 -Dosgi.bundles.defaultStartLevel=4 -Declipse.product=org.eclipse.jdt.ls.core.product -Djava.import.generatesMetadataFilesAtProjectRoot=false -DDetectVMInstallationsJob.disabled=true -Dfile.encoding=utf8 -XX:+UseParallelGC -XX:GCTimeRatio=4 -XX:AdaptiveSizePolicyWeight=90 -Dsun.zip.disableMemoryMapping=true -Xmx2G -Xms100m -Xlog:disable -javaagent:c:\Users\Supriya Kharat\.vscode\extensions\redhat.java-1.53.0-win32-x64\lombok\lombok-1.18.39-4050.jar -XX:+HeapDumpOnOutOfMemoryError -XX:HeapDumpPath=c:\Users\Supriya Kharat\AppData\Roaming\Code\User\workspaceStorage\290741b4b2c575650e83c216033e7060\redhat.java -Daether.dependencyCollector.impl=bf 
java_command: c:\Users\Supriya Kharat\.vscode\extensions\redhat.java-1.53.0-win32-x64\server\plugins\org.eclipse.equinox.launcher_1.7.100.v20251111-0406.jar -configuration c:\Users\Supriya Kharat\AppData\Roaming\Code\User\globalStorage\redhat.java\1.53.0\config_win -data c:\Users\Supriya Kharat\AppData\Roaming\Code\User\workspaceStorage\290741b4b2c575650e83c216033e7060\redhat.java\jdt_ws --pipe=\\.\pipe\lsp-656aa258dd3d65983fe67bef0a9c3659-sock
java_class_path (initial): c:\Users\Supriya Kharat\.vscode\extensions\redhat.java-1.53.0-win32-x64\server\plugins\org.eclipse.equinox.launcher_1.7.100.v20251111-0406.jar
Launcher Type: SUN_STANDARD

[Global flags]
    uintx AdaptiveSizePolicyWeight                 = 90                                        {product} {command line}
     intx CICompilerCount                          = 4                                         {product} {ergonomic}
    uintx GCTimeRatio                              = 4                                         {product} {command line}
     bool HeapDumpOnOutOfMemoryError               = true                                   {manageable} {command line}
    ccstr HeapDumpPath                             = c:\Users\Supriya Kharat\AppData\Roaming\Code\User\workspaceStorage\290741b4b2c575650e83c216033e7060\redhat.java         {manageable} {command line}
   size_t InitialHeapSize                          = 104857600                                 {product} {command line}
   size_t MaxHeapSize                              = 2147483648                                {product} {command line}
   size_t MaxNewSize                               = 715653120                                 {product} {ergonomic}
   size_t MinHeapDeltaBytes                        = 524288                                    {product} {ergonomic}
   size_t MinHeapSize                              = 104857600                                 {product} {command line}
   size_t NewSize                                  = 34603008                                  {product} {ergonomic}
    uintx NonNMethodCodeHeapSize                   = 5839372                                {pd product} {ergonomic}
    uintx NonProfiledCodeHeapSize                  = 122909434                              {pd product} {ergonomic}
   size_t OldSize                                  = 70254592                                  {product} {ergonomic}
    uintx ProfiledCodeHeapSize                     = 122909434                              {pd product} {ergonomic}
    uintx ReservedCodeCacheSize                    = 251658240                              {pd product} {ergonomic}
     bool SegmentedCodeCache                       = true                                      {product} {ergonomic}
   size_t SoftMaxHeapSize                          = 2147483648                             {manageable} {ergonomic}
     bool UseCompressedOops                        = true                           {product lp64_product} {ergonomic}
     bool UseLargePagesIndividualAllocation        = false                                  {pd product} {ergonomic}
     bool UseParallelGC                            = true                                      {product} {command line}

Logging:
Log output configuration:
 #0: stdout all=off uptime,level,tags foldmultilines=false
 #1: stderr all=off uptime,level,tags foldmultilines=false

Release file:
JAVA_VERSION="21.0.10" 
MODULES="java.base java.compiler java.datatransfer java.xml java.prefs java.desktop java.instrument java.logging java.management java.security.sasl java.naming java.rmi java.management.rmi java.net.http java.scripting java.security.jgss java.transaction.xa java.sql java.sql.rowset java.xml.crypto java.se java.smartcardio jdk.accessibility jdk.internal.jvmstat jdk.attach jdk.charsets jdk.internal.opt jdk.zipfs jdk.compiler jdk.crypto.ec jdk.crypto.cryptoki jdk.crypto.mscapi jdk.dynalink jdk.internal.ed jdk.editpad jdk.hotspot.agent jdk.httpserver jdk.internal.le jdk.internal.vm.ci jdk.internal.vm.compiler jdk.internal.vm.compiler.management jdk.jartool jdk.javadoc jdk.jcmd jdk.management jdk.management.agent jdk.jconsole jdk.jdeps jdk.jdwp.agent jdk.jdi jdk.jfr jdk.jshell jdk.jsobject jdk.jstatd jdk.localedata jdk.management.jfr jdk.naming.dns jdk.naming.rmi jdk.net jdk.nio.mapmode jdk.random jdk.sctp jdk.security.auth jdk.security.jgss jdk.unsupported jdk.unsupported.desktop jdk.xml.dom" 

Environment Variables:
PATH=C:\Users\Supriya Kharat\AppData\Local\Programs\Microsoft VS Code;C:\Windows\system32;C:\Windows;C:\Windows\System32\Wbem;C:\Windows\System32\WindowsPowerShell\v1.0\;C:\Windows\System32\OpenSSH\;C:\Program Files (x86)\NVIDIA Corporation\PhysX\Common;C:\Program Files\NVIDIA Corporation\NVIDIA NvDLISR;C:\Program Files\Java\jdk-17\bin;C:\MinGW\bin;"C:\msys64\usr\bin;C:\msys64\mingw64\bin";C:\Program Files\MySQL\MySQL Server 8.0\bin;C:\WINDOWS\system32;C:\WINDOWS;C:\WINDOWS\System32\Wbem;C:\WINDOWS\System32\WindowsPowerShell\v1.0\;C:\WINDOWS\System32\OpenSSH\;C:\Users\Supriya Kharat\Downloads\gradle-8.12\bin;C:\Users\Supriya Kharat\AppData\Roaming\Microsoft\Windows\Start Menu\Programs\MongoDB Inc;C:\Program Files\Java\jdk-21\bin;C:\Program Files\MongoDB\Server\8.0\bin;;C:\Program Files\Docker\Docker\resources\bin;C:\Users\Supriya Kharat\AppData\Local\Microsoft\WindowsApps;C:\Users\Supriya Kharat\AppData\Local\Programs\Microsoft VS Code\bin;C:\Users\Supriya Kharat\AppData\Roaming\npm;C:\Users\Supriya Kharat\AppData\Local\Programs\Git\cmd;C:\Users\Supriya Kharat\AppData\Local\Programs\mongosh\;C:\Users\Supriya Kharat\AppData\Local\Programs\Antigravity\bin
USERNAME=Supriya Kharat
OS=Windows_NT
PROCESSOR_IDENTIFIER=Intel64 Family 6 Model 165 Stepping 2, GenuineIntel
TMP=C:\Users\SUPRIY~1\AppData\Local\Temp
TEMP=C:\Users\SUPRIY~1\AppData\Local\Temp




Periodic native trim disabled

---------------  S Y S T E M  ---------------

OS:
 Windows 11 , 64 bit Build 22621 (10.0.22621.4391)
OS uptime: 5 days 2:44 hours
Hyper-V role detected

CPU: total 8 (initial active 8) (4 cores per cpu, 2 threads per core) family 6 model 165 stepping 2 microcode 0xe2, cx8, cmov, fxsr, ht, mmx, 3dnowpref, sse, sse2, sse3, ssse3, sse4.1, sse4.2, popcnt, lzcnt, tsc, tscinvbit, avx, avx2, aes, erms, clmul, bmi1, bmi2, adx, fma, vzeroupper, clflush, clflushopt, hv, rdtscp, f16c
Processor Information for the first 8 processors :
  Max Mhz: 2496, Current Mhz: 2496, Mhz Limit: 2496

Memory: 4k page, system-wide physical 8023M (438M free)
TotalPageFile size 20522M (AvailPageFile size 99M)
current process WorkingSet (physical memory assigned to process): 11M, peak: 409M
current process commit charge ("private bytes"): 832M, peak: 835M

vm_info: OpenJDK 64-Bit Server VM (21.0.10+7-LTS) for windows-amd64 JRE (21.0.10+7-LTS), built on 2026-01-20T00:00:00Z by "admin" with MS VC++ 17.12 (VS2022)

END.
